<?xml version="1.0" encoding="UTF-8"?>
<testsuite xmlns:xsi="http://www.w3.org/2001/XMLSchema-instance" xsi:noNamespaceSchemaLocation="https://maven.apache.org/surefire/maven-surefire-plugin/xsd/surefire-test-report-3.0.xsd" version="3.0" name="aed.BerretacoinTests" time="9.839" tests="15" errors="0" skipped="0" failures="0">
  <properties>
[...]
</properties>
  <testcase name="hackeoUnicaTransaccion" classname="aed.BerretacoinTests" time="0.241"/>
  <testcase name="maximoTenedorEsElMinimoCuandoNuevo" classname="aed.BerretacoinTests" time="0.006"/>
  <testcase name="hackeoTotalDeBloque" classname="aed.BerretacoinTests" time="0.011"/>
  <testcase name="empatesEnTransaccionMayorValor" classname="aed.BerretacoinTests" time="0.009"/>
  <testcase name="empatesEnMaximoTenedor" classname="aed.BerretacoinTests" time="0.004"/>
  <testcase name="agregarVariosBloques" classname="aed.BerretacoinTests" time="0.005"/>
  <testcase name="multiplesBloquesPequenos" classname="aed.BerretacoinTests" time="0.002"/>
  <testcase name="hackearVariasVeces" classname="aed.BerretacoinTests" time="0.002"/>
  <testcase name="agregarBloque" classname="aed.BerretacoinTests" time="0.005"/>
  <testcase name="bloqueConSoloTransaccionDeCreacion" classname="aed.BerretacoinTests" time="0.014"/>
  <testcase name="hackearConVariosBloques" classname="aed.BerretacoinTests" time="0.002"/>
  <testcase name="testStress" classname="aed.BerretacoinTests" time="9.21"/>
  <testcase name="hackearConUnBloque" classname="aed.BerretacoinTests" time="0.002"/>
  <testcase name="hackeoAfectaSaldos" classname="aed.BerretacoinTests" time="0.001"/>
  <testcase name="unSoloUsuario" classname="aed.BerretacoinTests" time="0.001"/>
</testsuite>